╔════ Environment ═════════════════════════════════════════════════════════════════════════════════
║ Steam:        Yes
║ OS:           Build: 22631
╠════ Mod ═════════════════════════════════════════════════════════════════════════════════════════
║ Name:         MscModApi
║ Version:      1.3.2
║ Author:       DonnerPlays
╠════ ModLoader ═══════════════════════════════════════════════════════════════════════════════════
║ Version:      1.2.14
║ Experimental: False
╠════ Mods ════════════════════════════════════════════════════════════════════════════════════════
║
║ [ ACTIVE ] ID: Ref_Helpers Name: MSCLoader.Helpers Version: 1.0.8
║ [ ACTIVE ] ID: Ref_Features Name: MSCLoader.Features Version: 1.0.8
║ [ ACTIVE ] ID: AttachJackAndTriangle Name: Attach Jack and Triangle Version: 1.1
║ [ ACTIVE ] ID: g_NSR50_SA Name: g_NSR50_SA Version: 1.5.3
║ [ ACTIVE ] ID: BetterCheatBox Name: BetterCheatBox Version: 2.1
║ [ ACTIVE ] ID: CDPlayer Name: CDPlayer Enhanced Version: 1.5.3
║ [ ACTIVE ] ID: Country_House Name: Country House Version: 1.1
║ [ ACTIVE ] ID: DonnerTech_ECU_Mod Name: DonnerTechRacing ECUs Version: 1.5.0
║ [ ACTIVE ] ID: Drivable_EDM Name: Drivable EDM Version: 1.4
║ [ ACTIVE ] ID: DrivRicoV2 Name: Drivable Ricochet Version: 1.22
║ [ ACTIVE ] ID: ExpandedShop Name: Expanded shop Version: 1.2
║ [ ACTIVE ] ID: FernWagon Name: Ferndale Wagon Version: 1.0.5
║ [ ACTIVE ] ID: FifthGear Name: Fifth Gear Version: 0.6
║ [ ACTIVE ] ID: FridgeAPI Name: Fridge API Version: 1.0
║ [ ACTIVE ] ID: GaragePitCovers Name: GaragePitCovers Version: 1.0.4
║ [ ACTIVE ] ID: gPartsAssemblySystem Name: Parts Assembly System Version: 1.0
║ [ ACTIVE ] ID: Hayosiko4x4 Name: Hayosiko4x4 Version: 2.3
║ [ ACTIVE ] ID: hayoturbo Name: hayoturbo Version: 1.05
║ [ ACTIVE ] ID: ModAPI Name: Mod API Version: v0.1.1
║ [ ACTIVE ] ID: ModsShop Name: Mods Shop (shop for mods) Version: 1.0.5
║ [ ACTIVE ] ID: MokiaTownsman Name: Mokia Townsman Phone Version: 1.3
║ [ ACTIVE ] ID: MscModApi Name: MscModApi Version: 1.3.2
║ [ ACTIVE ] ID: MscNoclip Name: Noclip (Flymod) Version: 1.4.0
║ [ ACTIVE ] ID: Panier250 Name: Panier 250 Version: 1.08
║ [ ACTIVE ] ID: Planeta Name: Planeta beta Version: 1.0
║ [ ACTIVE ] ID: RallyLights Name: RALLY SPOTLIGHTS Version: 2.3
║ [ ACTIVE ] ID: Repairable_Ruscko Name: Repairable Ruscko Version: 1.07
║ [ ACTIVE ] ID: SatsumaTransmissionSwitch_Drifts Name: Satsuma Transmission Switch Version: 1.1
║ [ ACTIVE ] ID: SatsumaTurboCharger Name: DonnerTechRacing Turbocharger Version: 2.2.2
║ [ ACTIVE ] ID: SecondFerndale Name: SecondFerndale Version: 1.0.5
║ [ ACTIVE ] ID: SecureSpareTire Name: Secure Spare Tire Version: 1.1.159.1
║ [ ACTIVE ] ID: ShowBoltSize Name: ShowBoltSize Version: 2.1
║ [ ACTIVE ] ID: TangerinePickup Name: TANGERINE FZ-120 PICKUP Version: 1.4
║ [ ACTIVE ] ID: WireBrush Name: Wire Brush Version: 1.1
║ [ ACTIVE ] ID: ZAZ Name: ZAZ Zaporozhets 968M Version: 1.3
║
╚══════════════════════════════════════════════════════════════════════════════════════════════════
