╔════ Environment ═════════════════════════════════════════════════════════════════════════════════
║ Steam:        Yes
║ OS:           Build: 22631
╠════ Mod ═════════════════════════════════════════════════════════════════════════════════════════
║ Name:         DonnerTechRacing Turbocharger
║ Version:      2.2.2
║ Author:       DonnerPlays
╠════ ModLoader ═══════════════════════════════════════════════════════════════════════════════════
║ Version:      1.2.14
║ Experimental: False
╠════ Mods ════════════════════════════════════════════════════════════════════════════════════════
║
║ [ ACTIVE ] ID: Ref_Helpers Name: MSCLoader.Helpers Version: 1.0.8
║ [ ACTIVE ] ID: Ref_Features Name: MSCLoader.Features Version: 1.0.8
║ [ ACTIVE ] ID: BetterCheatBox Name: BetterCheatBox Version: 2.1
║ [ ACTIVE ] ID: CDPlayer Name: CDPlayer Enhanced Version: 1.5.3
║ [ ACTIVE ] ID: DonnerTech_ECU_Mod Name: DonnerTechRacing ECUs Version: 1.5.0
║ [ ACTIVE ] ID: FifthGear Name: Fifth Gear Version: 0.6
║ [ ACTIVE ] ID: ModsShop Name: Mods Shop (shop for mods) Version: 1.0.5
║ [ ACTIVE ] ID: MscModApi Name: MscModApi Version: 1.3.2
║ [ ACTIVE ] ID: SatsumaTransmissionSwitch_Drifts Name: Satsuma Transmission Switch Version: 1.1
║ [ ACTIVE ] ID: SatsumaTurboCharger Name: DonnerTechRacing Turbocharger Version: 2.2.2
║ [ ACTIVE ] ID: ShowBoltSize Name: ShowBoltSize Version: 2.1
║
╚══════════════════════════════════════════════════════════════════════════════════════════════════
